0 info it worked if it ends with ok
1 verbose cli [ '/usr/local/Cellar/node/0.10.24/bin/node',
1 verbose cli   '/usr/local/bin/npm',
1 verbose cli   'install',
1 verbose cli   'yogurt-command-server',
1 verbose cli   '--save' ]
2 info using npm@1.3.21
3 info using node@v0.10.24
4 verbose readDependencies using package.json deps
5 verbose cache add [ 'yogurt-command-server', null ]
6 verbose cache add name=undefined spec="yogurt-command-server" args=["yogurt-command-server",null]
7 verbose parsed url { protocol: null,
7 verbose parsed url   slashes: null,
7 verbose parsed url   auth: null,
7 verbose parsed url   host: null,
7 verbose parsed url   port: null,
7 verbose parsed url   hostname: null,
7 verbose parsed url   hash: null,
7 verbose parsed url   search: null,
7 verbose parsed url   query: null,
7 verbose parsed url   pathname: 'yogurt-command-server',
7 verbose parsed url   path: 'yogurt-command-server',
7 verbose parsed url   href: 'yogurt-command-server' }
8 silly lockFile 2f42874f-yogurt-command-server yogurt-command-server
9 verbose lock yogurt-command-server /Users/liaoxuezhi/.npm/2f42874f-yogurt-command-server.lock
10 silly lockFile 2f42874f-yogurt-command-server yogurt-command-server
11 silly lockFile 2f42874f-yogurt-command-server yogurt-command-server
12 verbose addNamed [ 'yogurt-command-server', '' ]
13 verbose addNamed [ null, '*' ]
14 silly lockFile ff440e5e-yogurt-command-server yogurt-command-server@
15 verbose lock yogurt-command-server@ /Users/liaoxuezhi/.npm/ff440e5e-yogurt-command-server.lock
16 silly addNameRange { name: 'yogurt-command-server', range: '*', hasData: false }
17 verbose url raw yogurt-command-server
18 verbose url resolving [ 'https://registry.npmjs.org/', './yogurt-command-server' ]
19 verbose url resolved https://registry.npmjs.org/yogurt-command-server
20 info trying registry request attempt 1 at 14:45:38
21 http GET https://registry.npmjs.org/yogurt-command-server
22 http 404 https://registry.npmjs.org/yogurt-command-server
23 silly registry.get cb [ 404,
23 silly registry.get   { date: 'Wed, 02 Jul 2014 06:45:35 GMT',
23 silly registry.get     server: 'CouchDB/1.5.0 (Erlang OTP/R16B03)',
23 silly registry.get     'content-type': 'application/json',
23 silly registry.get     'cache-control': 'max-age=0',
23 silly registry.get     'content-length': '52',
23 silly registry.get     'accept-ranges': 'bytes',
23 silly registry.get     via: '1.1 varnish',
23 silly registry.get     age: '0',
23 silly registry.get     'x-served-by': 'cache-ty66-TYO',
23 silly registry.get     'x-cache': 'MISS',
23 silly registry.get     'x-cache-hits': '0',
23 silly registry.get     'x-timer': 'S1404283535.091603,VS0,VE130',
23 silly registry.get     'keep-alive': 'timeout=10, max=50',
23 silly registry.get     connection: 'Keep-Alive' } ]
24 silly lockFile ff440e5e-yogurt-command-server yogurt-command-server@
25 silly lockFile ff440e5e-yogurt-command-server yogurt-command-server@
26 error 404 'yogurt-command-server' is not in the npm registry.
26 error 404 You should bug the author to publish it
26 error 404
26 error 404 Note that you can also install from a
26 error 404 tarball, folder, or http url, or git url.
27 error System Darwin 13.2.0
28 error command "/usr/local/Cellar/node/0.10.24/bin/node" "/usr/local/bin/npm" "install" "yogurt-command-server" "--save"
29 error cwd /Users/liaoxuezhi/projects/yogurt
30 error node -v v0.10.24
31 error npm -v 1.3.21
32 error code E404
33 verbose exit [ 1, true ]
